<?xml version="1.0" encoding="UTF-8"?>
<!-- Generated by org.testng.reporters.JUnitReportReporter -->
<testsuite skipped="0" hostname="DESKTOP-MH5211V" name="TestNG_example.TestNG_example.example2" tests="2" failures="0" timestamp="05 Nov 2019 03:40:24 GMT" time="10.405" errors="0">
  <testcase name="f" time="7.046" classname="TestNG_example.TestNG_example.example2"/>
  <testcase name="f1" time="3.359" classname="TestNG_example.TestNG_example.example2"/>
</testsuite> <!-- TestNG_example.TestNG_example.example2 -->
