<?xml version="1.0" encoding="UTF-8"?>
<!-- Generated by org.testng.reporters.JUnitReportReporter -->
<testsuite skipped="0" hostname="DESKTOP-MH5211V" name="test.myTests" tests="2" failures="0" timestamp="12 Nov 2019 18:13:06 GMT" time="9.274" errors="0">
  <testcase name="f1" time="3.182" classname="test.myTests"/>
  <testcase name="f" time="6.092" classname="test.myTests"/>
</testsuite> <!-- test.myTests -->
